12-Mar-2018 20:26:11.225 INFO [http-nio-8080-exec-1] org.apache.catalina.core.ApplicationContext.log Manager: init: Associated with Deployer 'Catalina:type=Deployer,host=localhost'
12-Mar-2018 20:26:11.226 INFO [http-nio-8080-exec-1] org.apache.catalina.core.ApplicationContext.log Manager: init: Global resources are available
12-Mar-2018 20:26:11.234 INFO [http-nio-8080-exec-1] org.apache.catalina.core.ApplicationContext.log Manager: deploy: Deploying web application '/addressbook'
12-Mar-2018 20:26:11.239 INFO [http-nio-8080-exec-1] org.apache.catalina.core.ApplicationContext.log Manager: Uploading WAR file to /opt/tomcat/webapps/addressbook.war
12-Mar-2018 20:27:06.095 INFO [http-nio-8080-exec-6] org.apache.catalina.core.ApplicationContext.log HTMLManager: init: Associated with Deployer 'Catalina:type=Deployer,host=localhost'
12-Mar-2018 20:27:06.095 INFO [http-nio-8080-exec-6] org.apache.catalina.core.ApplicationContext.log HTMLManager: init: Global resources are available
12-Mar-2018 20:27:06.158 INFO [http-nio-8080-exec-6] org.apache.catalina.core.ApplicationContext.log HTMLManager: list: Listing contexts for virtual host 'localhost'
12-Mar-2018 20:27:21.190 INFO [http-nio-8080-exec-8] org.apache.catalina.core.ApplicationContext.log HTMLManager: undeploy: Undeploying web application at '/addressbook'
12-Mar-2018 20:27:22.293 INFO [29] org.apache.catalina.core.ApplicationContext.log HTMLManager: list: Listing contexts for virtual host 'localhost'
12-Mar-2018 20:28:29.628 INFO [http-nio-8080-exec-11] org.apache.catalina.core.ApplicationContext.log Manager: deploy: Deploying web application '/addressbook'
12-Mar-2018 20:28:29.629 INFO [http-nio-8080-exec-11] org.apache.catalina.core.ApplicationContext.log Manager: Uploading WAR file to /opt/tomcat/webapps/addressbook.war
12-Mar-2018 20:31:20.212 INFO [http-nio-8080-exec-12] org.apache.catalina.core.ApplicationContext.log HTMLManager: undeploy: Undeploying web application at '/addressbook'
12-Mar-2018 20:31:20.721 INFO [33] org.apache.catalina.core.ApplicationContext.log HTMLManager: list: Listing contexts for virtual host 'localhost'
12-Mar-2018 20:31:27.060 INFO [36] org.apache.catalina.core.ApplicationContext.log HTMLManager: list: Listing contexts for virtual host 'localhost'
12-Mar-2018 20:32:06.227 INFO [23] org.apache.catalina.core.ApplicationContext.log HTMLManager: list: Listing contexts for virtual host 'localhost'
12-Mar-2018 20:32:13.208 INFO [24] org.apache.catalina.core.ApplicationContext.log HTMLManager: list: Listing contexts for virtual host 'localhost'
12-Mar-2018 20:34:12.733 INFO [http-nio-8080-exec-16] org.apache.catalina.core.ApplicationContext.log HTMLManager: list: Listing contexts for virtual host 'localhost'
12-Mar-2018 20:34:30.355 INFO [http-nio-8080-exec-19] org.apache.catalina.core.ApplicationContext.log HTMLManager: list: Listing contexts for virtual host 'localhost'
12-Mar-2018 20:34:38.378 INFO [http-nio-8080-exec-21] org.apache.catalina.core.ApplicationContext.log HTMLManager: list: Listing contexts for virtual host 'localhost'
12-Mar-2018 20:37:07.600 INFO [http-nio-8080-exec-16] org.apache.catalina.core.ApplicationContext.log HTMLManager: list: Listing contexts for virtual host 'localhost'
12-Mar-2018 20:58:45.664 INFO [http-nio-8080-exec-22] org.apache.catalina.core.ApplicationContext.log HTMLManager: list: Listing contexts for virtual host 'localhost'
12-Mar-2018 20:59:08.440 INFO [http-nio-8080-exec-19] org.apache.catalina.core.ApplicationContext.log Manager: deploy: Deploying web application '/addressbook'
12-Mar-2018 20:59:08.440 INFO [http-nio-8080-exec-19] org.apache.catalina.core.ApplicationContext.log Manager: Uploading WAR file to /opt/tomcat/webapps/addressbook.war
12-Mar-2018 21:00:15.056 INFO [http-nio-8080-exec-21] org.apache.catalina.core.ApplicationContext.log HTMLManager: list: Listing contexts for virtual host 'localhost'
12-Mar-2018 21:05:44.530 INFO [http-nio-8080-exec-20] org.apache.catalina.core.ApplicationContext.log Manager: deploy: Deploying web application '/addressbook'
12-Mar-2018 21:05:44.688 INFO [http-nio-8080-exec-22] org.apache.catalina.core.ApplicationContext.log Manager: deploy: Deploying web application '/addressbook'
12-Mar-2018 21:05:44.737 INFO [http-nio-8080-exec-17] org.apache.catalina.core.ApplicationContext.log Manager: deploy: Deploying web application '/addressbook'
12-Mar-2018 21:05:44.830 INFO [http-nio-8080-exec-23] org.apache.catalina.core.ApplicationContext.log Manager: deploy: Deploying web application '/addressbook'
12-Mar-2018 21:10:09.493 INFO [http-nio-8080-exec-19] org.apache.catalina.core.ApplicationContext.log Manager: deploy: Deploying web application '/addressbook'
12-Mar-2018 21:10:09.494 INFO [http-nio-8080-exec-19] org.apache.catalina.core.ApplicationContext.log Manager: Uploading WAR file to /opt/tomcat/webapps/addressbook.war.tmp
12-Mar-2018 21:10:23.976 INFO [http-nio-8080-exec-26] org.apache.catalina.core.ApplicationContext.log HTMLManager: list: Listing contexts for virtual host 'localhost'
12-Mar-2018 21:13:31.626 INFO [http-nio-8080-exec-28] org.apache.catalina.core.ApplicationContext.log Manager: deploy: Deploying web application '/addressbook'
12-Mar-2018 21:13:31.626 INFO [http-nio-8080-exec-28] org.apache.catalina.core.ApplicationContext.log Manager: Uploading WAR file to /opt/tomcat/webapps/addressbook.war.tmp
12-Mar-2018 21:44:42.784 INFO [http-nio-8080-exec-42] org.apache.catalina.core.ApplicationContext.log Manager: deploy: Deploying web application '/addressbook'
12-Mar-2018 21:44:42.784 INFO [http-nio-8080-exec-42] org.apache.catalina.core.ApplicationContext.log Manager: Uploading WAR file to /opt/tomcat/webapps/addressbook.war.tmp
