11-Mar-2018 06:31:05.439 INFO [http-nio-8080-exec-8] org.apache.catalina.core.ApplicationContext.log HTMLManager: list: Listing contexts for virtual host 'localhost'
11-Mar-2018 06:31:13.789 INFO [http-nio-8080-exec-10] org.apache.catalina.core.ApplicationContext.log HTMLManager: list: Listing contexts for virtual host 'localhost'
11-Mar-2018 16:08:01.041 INFO [http-nio-8080-exec-1] org.apache.catalina.core.ApplicationContext.log HTMLManager: init: Associated with Deployer 'Catalina:type=Deployer,host=localhost'
11-Mar-2018 16:08:01.041 INFO [http-nio-8080-exec-1] org.apache.catalina.core.ApplicationContext.log HTMLManager: init: Global resources are available
11-Mar-2018 16:08:01.069 INFO [http-nio-8080-exec-1] org.apache.catalina.core.ApplicationContext.log HTMLManager: list: Listing contexts for virtual host 'localhost'
11-Mar-2018 16:08:34.757 INFO [http-nio-8080-exec-7] org.apache.catalina.core.ApplicationContext.log HTMLManager: list: Listing contexts for virtual host 'localhost'
11-Mar-2018 16:10:59.811 INFO [http-nio-8080-exec-8] org.apache.catalina.core.ApplicationContext.log Manager: init: Associated with Deployer 'Catalina:type=Deployer,host=localhost'
11-Mar-2018 16:10:59.811 INFO [http-nio-8080-exec-8] org.apache.catalina.core.ApplicationContext.log Manager: init: Global resources are available
11-Mar-2018 16:10:59.812 INFO [http-nio-8080-exec-8] org.apache.catalina.core.ApplicationContext.log Manager: list: Listing contexts for virtual host 'localhost'
11-Mar-2018 16:10:59.818 INFO [http-nio-8080-exec-9] org.apache.catalina.core.ApplicationContext.log Manager: deploy: Deploying web application '/mywebapp1'
11-Mar-2018 16:10:59.818 INFO [http-nio-8080-exec-9] org.apache.catalina.core.ApplicationContext.log Manager: Uploading WAR file to /opt/tomcat/webapps/mywebapp1.war
11-Mar-2018 16:11:21.298 INFO [http-nio-8080-exec-1] org.apache.catalina.core.ApplicationContext.log HTMLManager: list: Listing contexts for virtual host 'localhost'
11-Mar-2018 16:11:58.884 INFO [http-nio-8080-exec-3] org.apache.catalina.core.ApplicationContext.log Manager: list: Listing contexts for virtual host 'localhost'
11-Mar-2018 16:11:58.891 INFO [http-nio-8080-exec-4] org.apache.catalina.core.ApplicationContext.log Manager: deploy: Deploying web application '/addressbook'
11-Mar-2018 16:11:58.891 INFO [http-nio-8080-exec-4] org.apache.catalina.core.ApplicationContext.log Manager: Uploading WAR file to /opt/tomcat/webapps/addressbook.war
11-Mar-2018 16:12:19.657 INFO [http-nio-8080-exec-8] org.apache.catalina.core.ApplicationContext.log HTMLManager: list: Listing contexts for virtual host 'localhost'
11-Mar-2018 16:12:28.677 INFO [http-nio-8080-exec-7] org.apache.catalina.core.ApplicationContext.log HTMLManager: undeploy: Undeploying web application at '/mywebapp1'
11-Mar-2018 16:12:29.869 INFO [28] org.apache.catalina.core.ApplicationContext.log HTMLManager: list: Listing contexts for virtual host 'localhost'
11-Mar-2018 16:12:38.159 INFO [31] org.apache.catalina.core.ApplicationContext.log HTMLManager: list: Listing contexts for virtual host 'localhost'
11-Mar-2018 16:14:20.827 INFO [http-nio-8080-exec-11] org.apache.catalina.core.ApplicationContext.log HTMLManager: list: Listing contexts for virtual host 'localhost'
11-Mar-2018 16:18:17.501 INFO [http-nio-8080-exec-21] org.apache.catalina.core.ApplicationContext.log Manager: init: Associated with Deployer 'Catalina:type=Deployer,host=localhost'
11-Mar-2018 16:18:17.501 INFO [http-nio-8080-exec-21] org.apache.catalina.core.ApplicationContext.log Manager: init: Global resources are available
11-Mar-2018 16:18:17.501 INFO [http-nio-8080-exec-21] org.apache.catalina.core.ApplicationContext.log Manager: list: Listing contexts for virtual host 'localhost'
11-Mar-2018 16:18:17.509 INFO [http-nio-8080-exec-22] org.apache.catalina.core.ApplicationContext.log Manager: list: Listing contexts for virtual host 'localhost'
11-Mar-2018 16:18:17.513 INFO [http-nio-8080-exec-23] org.apache.catalina.core.ApplicationContext.log Manager: undeploy: Undeploying web application at '/addressbook'
11-Mar-2018 16:18:18.030 INFO [http-nio-8080-exec-24] org.apache.catalina.core.ApplicationContext.log Manager: deploy: Deploying web application '/addressbook'
11-Mar-2018 16:18:18.031 INFO [http-nio-8080-exec-24] org.apache.catalina.core.ApplicationContext.log Manager: Uploading WAR file to /opt/tomcat/webapps/addressbook.war
11-Mar-2018 16:43:24.160 INFO [http-nio-8080-exec-27] org.apache.catalina.core.ApplicationContext.log Manager: list: Listing contexts for virtual host 'localhost'
11-Mar-2018 16:43:24.164 INFO [http-nio-8080-exec-28] org.apache.catalina.core.ApplicationContext.log Manager: list: Listing contexts for virtual host 'localhost'
11-Mar-2018 16:43:24.167 INFO [http-nio-8080-exec-32] org.apache.catalina.core.ApplicationContext.log Manager: undeploy: Undeploying web application at '/addressbook'
11-Mar-2018 16:43:24.917 INFO [http-nio-8080-exec-31] org.apache.catalina.core.ApplicationContext.log Manager: deploy: Deploying web application '/addressbook'
11-Mar-2018 16:43:24.917 INFO [http-nio-8080-exec-31] org.apache.catalina.core.ApplicationContext.log Manager: Uploading WAR file to /opt/tomcat/webapps/addressbook.war
11-Mar-2018 16:45:31.997 INFO [http-nio-8080-exec-41] org.apache.catalina.core.ApplicationContext.log HTMLManager: init: Associated with Deployer 'Catalina:type=Deployer,host=localhost'
11-Mar-2018 16:45:31.997 INFO [http-nio-8080-exec-41] org.apache.catalina.core.ApplicationContext.log HTMLManager: init: Global resources are available
11-Mar-2018 16:45:31.997 INFO [http-nio-8080-exec-41] org.apache.catalina.core.ApplicationContext.log HTMLManager: list: Listing contexts for virtual host 'localhost'
11-Mar-2018 16:45:43.651 INFO [http-nio-8080-exec-39] org.apache.catalina.core.ApplicationContext.log HTMLManager: stop: Stopping web application '/addressbook'
11-Mar-2018 16:45:43.938 INFO [61] org.apache.catalina.core.ApplicationContext.log HTMLManager: list: Listing contexts for virtual host 'localhost'
11-Mar-2018 16:45:45.868 INFO [http-nio-8080-exec-38] org.apache.catalina.core.ApplicationContext.log HTMLManager: start: Starting web application '/addressbook'
11-Mar-2018 16:45:47.014 INFO [60] org.apache.catalina.core.ApplicationContext.log HTMLManager: list: Listing contexts for virtual host 'localhost'
11-Mar-2018 16:55:13.697 INFO [http-nio-8080-exec-45] org.apache.catalina.core.ApplicationContext.log Manager: list: Listing contexts for virtual host 'localhost'
11-Mar-2018 16:55:13.701 INFO [http-nio-8080-exec-47] org.apache.catalina.core.ApplicationContext.log Manager: list: Listing contexts for virtual host 'localhost'
11-Mar-2018 16:55:13.704 INFO [http-nio-8080-exec-48] org.apache.catalina.core.ApplicationContext.log Manager: undeploy: Undeploying web application at '/addressbook'
11-Mar-2018 16:55:14.245 INFO [http-nio-8080-exec-49] org.apache.catalina.core.ApplicationContext.log Manager: deploy: Deploying web application '/addressbook'
11-Mar-2018 16:55:14.246 INFO [http-nio-8080-exec-49] org.apache.catalina.core.ApplicationContext.log Manager: Uploading WAR file to /opt/tomcat/webapps/addressbook.war
11-Mar-2018 16:55:21.302 INFO [69] org.apache.catalina.core.ApplicationContext.log HTMLManager: list: Listing contexts for virtual host 'localhost'
11-Mar-2018 16:55:33.674 INFO [http-nio-8080-exec-50] org.apache.catalina.core.ApplicationContext.log HTMLManager: undeploy: Undeploying web application at '/addressbook'
11-Mar-2018 16:55:34.207 INFO [72] org.apache.catalina.core.ApplicationContext.log HTMLManager: list: Listing contexts for virtual host 'localhost'
11-Mar-2018 16:55:45.218 INFO [71] org.apache.catalina.core.ApplicationContext.log HTMLManager: list: Listing contexts for virtual host 'localhost'
11-Mar-2018 16:56:10.079 INFO [76] org.apache.catalina.core.ApplicationContext.log HTMLManager: list: Listing contexts for virtual host 'localhost'
11-Mar-2018 16:57:18.538 INFO [http-nio-8080-exec-58] org.apache.catalina.core.ApplicationContext.log Manager: list: Listing contexts for virtual host 'localhost'
11-Mar-2018 16:57:18.541 INFO [http-nio-8080-exec-59] org.apache.catalina.core.ApplicationContext.log Manager: deploy: Deploying web application '/addressbook'
11-Mar-2018 16:57:18.541 INFO [http-nio-8080-exec-59] org.apache.catalina.core.ApplicationContext.log Manager: Uploading WAR file to /opt/tomcat/webapps/addressbook.war
11-Mar-2018 16:57:36.612 INFO [http-nio-8080-exec-61] org.apache.catalina.core.ApplicationContext.log HTMLManager: list: Listing contexts for virtual host 'localhost'
11-Mar-2018 17:08:13.619 INFO [http-nio-8080-exec-59] org.apache.catalina.core.ApplicationContext.log HTMLManager: list: Listing contexts for virtual host 'localhost'
11-Mar-2018 17:27:44.021 INFO [http-nio-8080-exec-62] org.apache.catalina.core.ApplicationContext.log Manager: list: Listing contexts for virtual host 'localhost'
11-Mar-2018 17:27:44.024 INFO [http-nio-8080-exec-61] org.apache.catalina.core.ApplicationContext.log Manager: list: Listing contexts for virtual host 'localhost'
11-Mar-2018 17:27:44.026 INFO [http-nio-8080-exec-58] org.apache.catalina.core.ApplicationContext.log Manager: undeploy: Undeploying web application at '/addressbook'
11-Mar-2018 17:27:44.744 INFO [http-nio-8080-exec-59] org.apache.catalina.core.ApplicationContext.log Manager: deploy: Deploying web application '/addressbook'
11-Mar-2018 17:27:44.744 INFO [http-nio-8080-exec-59] org.apache.catalina.core.ApplicationContext.log Manager: Uploading WAR file to /opt/tomcat/webapps/addressbook.war
11-Mar-2018 17:28:26.141 INFO [http-nio-8080-exec-68] org.apache.catalina.core.ApplicationContext.log HTMLManager: restart: Reloading web application '/addressbook'
11-Mar-2018 17:28:27.348 INFO [http-nio-8080-exec-68] org.apache.catalina.core.ApplicationContext.log HTMLManager: list: Listing contexts for virtual host 'localhost'
11-Mar-2018 17:36:39.017 INFO [http-nio-8080-exec-77] org.apache.catalina.core.ApplicationContext.log Manager: list: Listing contexts for virtual host 'localhost'
11-Mar-2018 17:36:39.021 INFO [http-nio-8080-exec-80] org.apache.catalina.core.ApplicationContext.log Manager: list: Listing contexts for virtual host 'localhost'
11-Mar-2018 17:36:39.022 INFO [http-nio-8080-exec-81] org.apache.catalina.core.ApplicationContext.log Manager: undeploy: Undeploying web application at '/addressbook'
11-Mar-2018 17:36:39.559 INFO [http-nio-8080-exec-80] org.apache.catalina.core.ApplicationContext.log Manager: deploy: Deploying web application '/addressbook'
11-Mar-2018 17:36:39.560 INFO [http-nio-8080-exec-80] org.apache.catalina.core.ApplicationContext.log Manager: Uploading WAR file to /opt/tomcat/webapps/addressbook.war
11-Mar-2018 17:46:24.176 INFO [http-nio-8080-exec-90] org.apache.catalina.core.ApplicationContext.log Manager: list: Listing contexts for virtual host 'localhost'
11-Mar-2018 17:46:24.182 INFO [http-nio-8080-exec-89] org.apache.catalina.core.ApplicationContext.log Manager: list: Listing contexts for virtual host 'localhost'
11-Mar-2018 17:46:24.186 INFO [http-nio-8080-exec-85] org.apache.catalina.core.ApplicationContext.log Manager: undeploy: Undeploying web application at '/addressbook'
11-Mar-2018 17:46:24.854 INFO [http-nio-8080-exec-91] org.apache.catalina.core.ApplicationContext.log Manager: deploy: Deploying web application '/addressbook'
11-Mar-2018 17:46:24.854 INFO [http-nio-8080-exec-91] org.apache.catalina.core.ApplicationContext.log Manager: Uploading WAR file to /opt/tomcat/webapps/addressbook.war
11-Mar-2018 17:46:59.272 INFO [116] org.apache.catalina.core.ApplicationContext.log Manager: list: Listing contexts for virtual host 'localhost'
11-Mar-2018 17:46:59.275 INFO [http-nio-8080-exec-93] org.apache.catalina.core.ApplicationContext.log Manager: list: Listing contexts for virtual host 'localhost'
11-Mar-2018 17:46:59.279 INFO [http-nio-8080-exec-87] org.apache.catalina.core.ApplicationContext.log Manager: undeploy: Undeploying web application at '/addressbook'
11-Mar-2018 17:46:59.792 INFO [http-nio-8080-exec-91] org.apache.catalina.core.ApplicationContext.log Manager: deploy: Deploying web application '/addressbook'
11-Mar-2018 17:46:59.793 INFO [http-nio-8080-exec-91] org.apache.catalina.core.ApplicationContext.log Manager: Uploading WAR file to /opt/tomcat/webapps/addressbook.war
11-Mar-2018 17:47:24.405 INFO [119] org.apache.catalina.core.ApplicationContext.log Manager: list: Listing contexts for virtual host 'localhost'
11-Mar-2018 17:47:24.410 INFO [http-nio-8080-exec-96] org.apache.catalina.core.ApplicationContext.log Manager: list: Listing contexts for virtual host 'localhost'
11-Mar-2018 17:47:24.422 INFO [http-nio-8080-exec-86] org.apache.catalina.core.ApplicationContext.log Manager: undeploy: Undeploying web application at '/addressbook'
11-Mar-2018 17:47:24.938 INFO [http-nio-8080-exec-98] org.apache.catalina.core.ApplicationContext.log Manager: deploy: Deploying web application '/addressbook'
11-Mar-2018 17:47:24.940 INFO [http-nio-8080-exec-98] org.apache.catalina.core.ApplicationContext.log Manager: Uploading WAR file to /opt/tomcat/webapps/addressbook.war
11-Mar-2018 17:49:05.013 INFO [http-nio-8080-exec-102] org.apache.catalina.core.ApplicationContext.log Manager: list: Listing contexts for virtual host 'localhost'
11-Mar-2018 17:49:05.026 INFO [http-nio-8080-exec-103] org.apache.catalina.core.ApplicationContext.log Manager: list: Listing contexts for virtual host 'localhost'
11-Mar-2018 17:49:05.039 INFO [http-nio-8080-exec-93] org.apache.catalina.core.ApplicationContext.log Manager: undeploy: Undeploying web application at '/addressbook'
11-Mar-2018 17:49:05.551 INFO [http-nio-8080-exec-104] org.apache.catalina.core.ApplicationContext.log Manager: deploy: Deploying web application '/addressbook'
11-Mar-2018 17:49:05.552 INFO [http-nio-8080-exec-104] org.apache.catalina.core.ApplicationContext.log Manager: Uploading WAR file to /opt/tomcat/webapps/addressbook.war
11-Mar-2018 18:00:45.840 INFO [http-nio-8080-exec-108] org.apache.catalina.core.ApplicationContext.log HTMLManager: list: Listing contexts for virtual host 'localhost'
11-Mar-2018 18:00:56.259 INFO [http-nio-8080-exec-113] org.apache.catalina.core.ApplicationContext.log HTMLManager: undeploy: Undeploying web application at '/addressbook'
11-Mar-2018 18:00:57.010 INFO [135] org.apache.catalina.core.ApplicationContext.log HTMLManager: list: Listing contexts for virtual host 'localhost'
11-Mar-2018 18:01:56.688 INFO [http-nio-8080-exec-115] org.apache.catalina.core.ApplicationContext.log HTMLManager: undeploy: Undeploying web application at '/addressbook'
11-Mar-2018 18:01:56.688 INFO [http-nio-8080-exec-115] org.apache.catalina.core.ApplicationContext.log HTMLManager: list: Listing contexts for virtual host 'localhost'
11-Mar-2018 18:02:01.556 INFO [131] org.apache.catalina.core.ApplicationContext.log HTMLManager: list: Listing contexts for virtual host 'localhost'
11-Mar-2018 18:02:02.684 INFO [128] org.apache.catalina.core.ApplicationContext.log HTMLManager: list: Listing contexts for virtual host 'localhost'
11-Mar-2018 18:02:03.653 INFO [http-nio-8080-exec-112] org.apache.catalina.core.ApplicationContext.log HTMLManager: list: Listing contexts for virtual host 'localhost'
11-Mar-2018 18:02:04.239 INFO [136] org.apache.catalina.core.ApplicationContext.log HTMLManager: list: Listing contexts for virtual host 'localhost'
11-Mar-2018 18:02:04.999 INFO [http-nio-8080-exec-116] org.apache.catalina.core.ApplicationContext.log HTMLManager: list: Listing contexts for virtual host 'localhost'
11-Mar-2018 18:02:05.638 INFO [129] org.apache.catalina.core.ApplicationContext.log HTMLManager: list: Listing contexts for virtual host 'localhost'
11-Mar-2018 18:02:06.252 INFO [http-nio-8080-exec-112] org.apache.catalina.core.ApplicationContext.log HTMLManager: list: Listing contexts for virtual host 'localhost'
11-Mar-2018 18:02:54.902 INFO [130] org.apache.catalina.core.ApplicationContext.log HTMLManager: list: Listing contexts for virtual host 'localhost'
11-Mar-2018 18:02:56.216 INFO [http-nio-8080-exec-116] org.apache.catalina.core.ApplicationContext.log HTMLManager: list: Listing contexts for virtual host 'localhost'
11-Mar-2018 18:02:57.017 INFO [http-nio-8080-exec-120] org.apache.catalina.core.ApplicationContext.log HTMLManager: list: Listing contexts for virtual host 'localhost'
11-Mar-2018 18:46:22.963 INFO [http-nio-8080-exec-121] org.apache.catalina.core.ApplicationContext.log HTMLManager: list: Listing contexts for virtual host 'localhost'
11-Mar-2018 18:46:24.598 INFO [http-nio-8080-exec-116] org.apache.catalina.core.ApplicationContext.log HTMLManager: list: Listing contexts for virtual host 'localhost'
11-Mar-2018 18:47:43.394 INFO [http-nio-8080-exec-115] org.apache.catalina.core.ApplicationContext.log HTMLManager: list: Listing contexts for virtual host 'localhost'
11-Mar-2018 18:47:47.909 INFO [http-nio-8080-exec-122] org.apache.catalina.core.ApplicationContext.log HTMLManager: list: Listing contexts for virtual host 'localhost'
11-Mar-2018 18:48:00.260 INFO [http-nio-8080-exec-120] org.apache.catalina.core.ApplicationContext.log HTMLManager: list: Listing contexts for virtual host 'localhost'
11-Mar-2018 18:48:18.669 INFO [http-nio-8080-exec-117] org.apache.catalina.core.ApplicationContext.log HTMLManager: list: Listing contexts for virtual host 'localhost'
11-Mar-2018 21:46:58.554 INFO [http-nio-8080-exec-124] org.apache.catalina.core.ApplicationContext.log HTMLManager: list: Listing contexts for virtual host 'localhost'
11-Mar-2018 21:47:02.802 INFO [http-nio-8080-exec-116] org.apache.catalina.core.ApplicationContext.log HTMLManager: undeploy: Undeploying web application at '/addressbook-2.0'
11-Mar-2018 21:47:03.442 INFO [138] org.apache.catalina.core.ApplicationContext.log HTMLManager: list: Listing contexts for virtual host 'localhost'
11-Mar-2018 21:54:21.471 INFO [http-nio-8080-exec-125] org.apache.catalina.core.ApplicationContext.log HTMLManager: undeploy: Undeploying web application at '/addressbook-2.0'
11-Mar-2018 21:54:21.471 INFO [http-nio-8080-exec-125] org.apache.catalina.core.ApplicationContext.log HTMLManager: list: Listing contexts for virtual host 'localhost'
11-Mar-2018 21:54:31.781 INFO [http-nio-8080-exec-128] org.apache.catalina.core.ApplicationContext.log HTMLManager: undeploy: Undeploying web application at '/addressbook-2.0'
11-Mar-2018 21:54:31.781 INFO [http-nio-8080-exec-128] org.apache.catalina.core.ApplicationContext.log HTMLManager: list: Listing contexts for virtual host 'localhost'
11-Mar-2018 21:54:37.915 INFO [http-nio-8080-exec-131] org.apache.catalina.core.ApplicationContext.log HTMLManager: list: Listing contexts for virtual host 'localhost'
11-Mar-2018 22:28:09.461 INFO [http-nio-8080-exec-132] org.apache.catalina.core.ApplicationContext.log HTMLManager: list: Listing contexts for virtual host 'localhost'
11-Mar-2018 22:29:09.241 INFO [http-nio-8080-exec-133] org.apache.catalina.core.ApplicationContext.log HTMLManager: list: Listing contexts for virtual host 'localhost'
11-Mar-2018 22:29:20.503 INFO [http-nio-8080-exec-125] org.apache.catalina.core.ApplicationContext.log HTMLManager: list: Listing contexts for virtual host 'localhost'
11-Mar-2018 22:42:00.765 INFO [http-nio-8080-exec-126] org.apache.catalina.core.ApplicationContext.log HTMLManager: list: Listing contexts for virtual host 'localhost'
11-Mar-2018 22:42:07.898 INFO [http-nio-8080-exec-127] org.apache.catalina.core.ApplicationContext.log HTMLManager: list: Listing contexts for virtual host 'localhost'
